Iteration	Posterior	Likelihood	Prior	rate_log_sd	tree_length
0	-2130.092	-2451.72	321.6282	2.072884	0.6587073
6	-2129.08	-2450.705	321.6257	2.024155	0.7477876
12	-2118.882	-2440.453	321.5708	2.126078	0.6672555
18	-2114.219	-2435.83	321.6112	2.126078	0.5545335
24	-2129.084	-2450.685	321.6013	2.126078	0.5932566
30	-2136.645	-2458.1	321.4554	2.266652	0.609183
36	-2128.247	-2449.773	321.5254	2.196323	0.6100423
42	-2131.197	-2452.91	321.7133	1.889699	0.8129763
48	-2144.479	-2466.222	321.7428	1.82061	0.8621749
54	-2139.986	-2461.709	321.7228	1.971642	0.6720961
60	-2143.8	-2465.533	321.7336	1.85995	0.8250807
66	-2149.885	-2471.528	321.643	1.953115	0.8218555
72	-2147.053	-2468.694	321.6411	1.988863	0.7766243
78	-2139.986	-2461.642	321.656	1.981006	0.7665728
84	-2139.826	-2461.409	321.5834	1.974888	0.8681851
90	-2116.167	-2437.883	321.7163	1.942568	0.7338666
96	-2123.01	-2444.662	321.652	1.923762	0.8472457
102	-2118.659	-2440.388	321.7292	1.912316	0.7600793
108	-2119.079	-2440.566	321.487	1.879037	1.067792
114	-2122.226	-2443.669	321.4432	1.655233	1.29999
120	-2135.946	-2457.417	321.4708	1.660555	1.273021
126	-2134.018	-2455.367	321.3494	1.557852	1.450264
132	-2121.726	-2443.185	321.4583	1.817736	1.149806
138	-2134.012	-2455.575	321.5637	1.731129	1.133043
144	-2147.114	-2468.809	321.695	1.68595	1.053689
150	-2136.319	-2457.639	321.3201	1.617509	1.426961
156	-2141.067	-2462.372	321.3047	1.502824	1.525355
162	-2147.983	-2469.396	321.4137	1.715301	1.274953
168	-2144.186	-2464.938	320.7523	1.468459	1.93859
174	-2147.45	-2467.866	320.4164	1.401542	2.204217
180	-2138.809	-2459.17	320.3606	1.442118	2.214038
186	-2135.642	-2456.192	320.5501	1.436827	2.094099
192	-2162.056	-2483.84	321.7839	1.71788	0.9317761
198	-2147.08	-2468.646	321.5657	1.874427	0.9958669
204	-2131.529	-2452.876	321.3465	1.744007	1.306428
210	-2160.598	-2482.145	321.5472	1.609327	1.252181
216	-2132.729	-2454.218	321.4881	1.754834	1.178796
222	-2134.545	-2456.166	321.6206	1.900592	0.9105881
228	-2126.43	-2448.027	321.5969	2.060701	0.7357664
234	-2114.119	-2435.589	321.4701	2.267379	0.55384
240	-2099.059	-2420.489	321.4307	2.311	0.4758897
246	-2125.903	-2447.419	321.5159	2.224879	0.5328052
252	-2133.889	-2455.36	321.4714	2.271493	0.5013148
258	-2126.332	-2447.793	321.4613	2.281257	0.4877806
264	-2134.268	-2455.723	321.4552	2.281257	0.5586394
270	-2120.022	-2441.499	321.4772	2.265378	0.5115941
276	-2128.047	-2449.642	321.5951	2.060261	0.7393033
282	-2128.154	-2449.74	321.5861	1.929605	0.9166326
288	-2116.354	-2437.988	321.6341	1.881594	0.9166326
294	-2126.189	-2447.908	321.7189	1.858251	0.8456079
300	-2124.797	-2446.486	321.6892	1.881254	0.8536463
306	-2140.351	-2461.924	321.5726	1.891788	0.9712081
312	-2130.133	-2451.633	321.5002	1.873975	1.060144
318	-2110.347	-2431.819	321.4722	1.81726	1.137837
324	-2130.993	-2451.826	320.8332	1.504345	1.859367
330	-2135.422	-2456.707	321.2849	1.516342	1.530056
336	-2134.702	-2455.965	321.2635	1.648013	1.447004
342	-2134.244	-2455.736	321.4916	1.746119	1.183288
348	-2141.227	-2462.9	321.6731	1.896954	0.8541299
354	-2129.943	-2451.548	321.6046	1.755061	1.073731
360	-2145.739	-2467.248	321.5085	1.68479	1.221371
366	-2130.103	-2451.682	321.5788	1.68479	1.160764
372	-2130.765	-2452.05	321.2844	1.529012	1.520994
378	-2139.43	-2460.074	320.6438	1.460614	2.016472
384	-2128.386	-2449.671	321.2845	1.576406	1.485369
390	-2140.072	-2461.343	321.2704	1.58164	1.49205
396	-2134.868	-2456.039	321.1717	1.671389	1.498789
402	-2153.108	-2474.321	321.2131	1.632713	1.496725
408	-2139.493	-2460.761	321.2676	1.578249	1.496725
414	-2141.336	-2462.188	320.8521	1.508777	1.843378
420	-2138.073	-2458.391	320.318	1.404045	2.266
426	-2119.763	-2440.764	321.0014	1.422452	1.799976
432	-2125.963	-2447.118	321.1555	1.556496	1.595674
438	-2125.949	-2447.171	321.2219	1.734454	1.41252
444	-2129.904	-2451.256	321.3517	1.520438	1.476885
450	-2136.732	-2458.16	321.4275	1.781146	1.208306
456	-2127.801	-2449.404	321.6033	1.798489	1.03369
462	-2130.175	-2451.854	321.6786	1.85016	0.9021668
468	-2123.125	-2444.851	321.7254	1.92095	0.7529299
474	-2143.928	-2465.397	321.4688	2.271781	0.5348606
480	-2131.052	-2452.632	321.58	2.027648	0.8068636
486	-2127.596	-2449.217	321.6215	2.091468	0.632354
492	-2118.923	-2440.352	321.4294	2.313495	0.5013486
498	-2122.985	-2444.468	321.4821	2.25019	0.5763271
504	-2121.08	-2442.557	321.477	2.265087	0.5203862
510	-2124.592	-2446.11	321.518	2.210299	0.5902075
516	-2130.094	-2451.611	321.5174	2.221347	0.5468924
522	-2119.702	-2441.236	321.5335	2.2046	0.5504245
528	-2108.935	-2430.406	321.4706	2.270295	0.531768
534	-2137.073	-2458.814	321.7408	1.8294	0.8540526
540	-2132.173	-2453.893	321.7196	1.8294	0.8790832
546	-2132.672	-2454.31	321.6384	1.910553	0.8790832
552	-2139.305	-2460.944	321.6384	1.910553	0.8790832
558	-2140.424	-2461.982	321.5581	1.873482	1.004402
564	-2143.566	-2465.211	321.6441	1.739211	1.051425
570	-2136.247	-2457.94	321.6935	1.848681	0.8868823
576	-2146.799	-2468.538	321.7382	1.901172	0.7632794
582	-2131.813	-2453.367	321.5545	2.116258	0.7146384
588	-2126.182	-2447.762	321.5798	2.116258	0.6690431
594	-2124.477	-2446.066	321.5897	2.080438	0.7157016
600	-2137.836	-2459.479	321.6425	2.040974	0.6925978
606	-2138.62	-2460.282	321.6618	1.931325	0.8256796
612	-2128.691	-2450.372	321.6813	1.947048	0.7788313
618	-2131.071	-2452.659	321.588	1.784611	1.061624
624	-2124.694	-2446.317	321.6226	1.784611	1.028369
630	-2126.184	-2447.814	321.6299	1.798818	1.007317
636	-2141.092	-2462.66	321.5684	1.672738	1.18032
642	-2134.894	-2456.384	321.4893	1.751882	1.18032
648	-2131.4	-2452.916	321.5158	1.750534	1.158302
654	-2132.135	-2453.727	321.5917	1.857981	0.9862219
660	-2131.421	-2452.656	321.2349	1.685763	1.439992
666	-2123.205	-2444.608	321.4032	1.747242	1.257253
606	-2219.371	-2540.888	321.5164	2.226329	0.5094286
612	-2194.398	-2516.012	321.6146	2.116439	0.5807401
618	-2165.116	-2486.678	321.562	2.155294	0.6218639
624	-2125.874	-2447.494	321.6207	2.096575	0.6218639
630	-2145.267	-2466.811	321.5441	2.110045	0.7411506
636	-2133.598	-2455.292	321.6938	1.951293	0.7548231
642	-2130.189	-2451.859	321.6695	1.937542	0.8077139
648	-2118.829	-2440.516	321.6872	1.881585	0.855711
654	-2136.323	-2457.967	321.6444	1.732687	1.057324
660	-2111.21	-2432.804	321.5947	1.780802	1.058836
666	-2111.584	-2433.133	321.5485	1.787661	1.095605
672	-2127.794	-2449.327	321.5326	1.803537	1.095605
678	-2142.257	-2463.585	321.3276	1.718426	1.342137
684	-2130.126	-2451.187	321.0608	1.548355	1.669744
690	-2131.873	-2452.916	321.0433	1.59614	1.648137
696	-2134.877	-2456.094	321.2172	1.577844	1.534612
702	-2128.097	-2449.16	321.0632	1.459021	1.731322
708	-2146.826	-2467.902	321.0762	1.585537	1.63205
714	-2141.238	-2462.51	321.2718	1.603873	1.474251
720	-2142.427	-2463.625	321.1978	1.336395	1.722921
726	-2143.392	-2464.173	320.7817	1.362869	1.989739
732	-2136.838	-2458.142	321.3037	1.543219	1.495929
738	-2125.646	-2446.909	321.2623	1.605425	1.480222
744	-2130.532	-2451.84	321.3079	1.70118	1.371344
750	-2137.251	-2458.911	321.6595	1.759344	1.017071
756	-2120.912	-2442.428	321.5152	1.750533	1.158884
762	-2127.151	-2448.817	321.6659	1.769121	1.001045
768	-2121.819	-2443.541	321.723	1.863937	0.8334935
774	-2137.037	-2458.608	321.5709	1.911978	0.9519872
780	-2131.582	-2453.236	321.6537	1.892795	0.8819813
786	-2117.689	-2439.342	321.6537	1.892795	0.8819813
792	-2127.491	-2449.177	321.6866	1.938499	0.7834763
798	-2125.747	-2447.435	321.6878	1.911641	0.8175999
804	-2128.752	-2450.365	321.6139	2.061165	0.7073531
810	-2137.685	-2459.315	321.6305	2.061165	0.6775108
816	-2122.268	-2443.915	321.6472	2.064036	0.6366221
822	-2119.999	-2441.646	321.6472	2.064036	0.6366221
828	-2119.774	-2441.417	321.6436	2.08316	0.5952547
834	-2115.04	-2436.58	321.5398	2.193303	0.5732413
840	-2127.408	-2448.878	321.4694	2.272671	0.5199008
846	-2112.086	-2433.629	321.5426	2.169286	0.6350153
852	-2132.898	-2454.391	321.4929	2.242887	0.5620115
858	-2115.788	-2437.192	321.4042	2.337634	0.4771508
864	-2127.964	-2449.369	321.4047	2.334528	0.4585276
870	-2126.265	-2447.671	321.4064	2.334528	0.4692755
876	-2137.321	-2458.692	321.3708	2.370107	0.4692755
882	-2126.152	-2447.699	321.5475	2.186264	0.5707241
888	-2114.04	-2435.644	321.6046	2.129157	0.5707241
894	-2127.02	-2448.467	321.4466	2.287124	0.5707241
900	-2136.224	-2457.793	321.5687	2.161396	0.5841881
906	-2131.167	-2452.743	321.5755	2.156658	0.5769645
912	-2152.827	-2473.53	320.7038	1.439923	1.990266
918	-2151.62	-2472.091	320.4706	1.36191	2.194777
924	-2133.849	-2455.293	321.4445	2.297084	0.4747798
930	-2129.001	-2450.443	321.4417	2.299827	0.4747798
936	-2134.063	-2455.53	321.4666	2.268978	0.4421198
942	-2124.583	-2445.955	321.3717	2.36887	0.466844
948	-2129.73	-2451.108	321.3785	2.346718	0.4119467
954	-2128.519	-2449.913	321.394	2.331314	0.4119467
960	-2118.967	-2440.358	321.3912	2.331314	0.4056872
966	-2134.089	-2455.625	321.5352	2.162023	0.6666794
