Iteration	Posterior	Likelihood	Prior	rate_log_sd	tree_length
0	-2136.21	-2457.869	321.659	2.037721	0.667719
6	-2124.513	-2446.101	321.5886	2.053135	0.75981
12	-2117.974	-2439.669	321.6946	1.967324	0.7290849
18	-2129.959	-2451.567	321.6084	1.967324	0.8473418
24	-2139.947	-2461.716	321.7696	1.905382	0.7074887
30	-2137.221	-2458.829	321.608	2.113815	0.6097246
36	-2115.63	-2437.234	321.6034	2.08248	0.6883155
42	-2140.005	-2461.504	321.4993	2.031377	0.8999593
48	-2129.74	-2451.387	321.6468	1.883899	0.8999593
54	-2130.635	-2451.989	321.353	1.59904	1.415826
60	-2142.486	-2463.81	321.3243	1.505401	1.508846
66	-2154.166	-2474.968	320.8019	1.40373	1.948773
72	-2132.642	-2453.904	321.262	1.462195	1.586786
78	-2130.587	-2451.997	321.41	1.507187	1.442623
84	-2129.876	-2450.848	320.9721	1.54367	1.735905
90	-2132.538	-2453.686	321.1475	1.480878	1.65604
96	-2135.276	-2456.122	320.8462	1.460883	1.880115
102	-2131.905	-2453.622	321.7168	1.958364	0.7072327
108	-2131.86	-2453.581	321.7215	1.913457	0.7694981
114	-2119.485	-2441.13	321.6449	1.849437	0.9397435
120	-2144.242	-2464.674	320.4311	1.34974	2.228191
126	-2152.111	-2472.783	320.6714	1.341748	2.076845
132	-2131.686	-2453.24	321.5542	2.008287	0.863235
138	-2134.339	-2455.86	321.5216	2.19752	0.6170383
144	-2138.154	-2459.735	321.5814	2.157729	0.5442484
150	-2120.347	-2441.847	321.4999	1.66219	1.247531
156	-2134.177	-2455.697	321.5202	1.760256	1.145896
162	-2138.619	-2460.208	321.589	2.092769	0.6956615
168	-2135.609	-2457.199	321.5899	2.012827	0.813317
174	-2135.026	-2456.718	321.6919	1.697643	1.045451
180	-2132.955	-2454.651	321.6966	1.870117	0.8582113
186	-2152.453	-2474.25	321.7964	1.836737	0.7722059
192	-2122.327	-2443.926	321.5992	1.873117	0.9630181
198	-2121.487	-2443.203	321.7161	1.873201	0.8305148
204	-2128.142	-2449.854	321.7117	1.9069	0.7923419
210	-2144.889	-2466.604	321.7151	1.938178	0.7425825
216	-2147.613	-2469.247	321.634	2.017746	0.744862
222	-2127.985	-2449.529	321.5442	2.105599	0.7478586
228	-2115.474	-2437.101	321.6273	2.039416	0.7213433
234	-2137.991	-2459.624	321.6323	2.034367	0.7213433
240	-2172.274	-2493.853	321.5794	1.863954	0.9926153
246	-2156.009	-2477.646	321.6364	1.806963	0.9926153
252	-2146.086	-2467.592	321.5056	2.232654	0.5497092
258	-2141.623	-2463.076	321.453	2.289454	0.4853145
264	-2147.511	-2469.18	321.6692	1.948555	0.7934413
270	-2146.205	-2467.617	321.4117	1.984151	1.039435
276	-2140.441	-2462.111	321.6696	2.00138	0.7142877
282	-2146.611	-2468.195	321.5838	1.9386	0.9092174
288	-2134.36	-2455.97	321.6097	1.912729	0.9092174
294	-2160.846	-2482.496	321.6501	1.980209	0.776118
300	-2136.379	-2457.729	321.3508	2.370385	0.4030358
306	-2122.574	-2443.813	321.2384	2.448114	0.3503132
312	-2117.601	-2438.785	321.1841	2.499992	0.3476055
318	-2116.676	-2437.839	321.1629	2.506033	0.331521
324	-2124.182	-2445.381	321.1993	2.503782	0.3719186
330	-2115.365	-2436.76	321.3946	2.338411	0.4331719
336	-2121.555	-2442.982	321.4265	2.314339	0.5326594
342	-2120.406	-2441.901	321.4946	2.246814	0.4735236
348	-2122.554	-2444.115	321.5607	2.181234	0.5224523
354	-2113.479	-2435.039	321.5607	2.181234	0.522139
360	-2126.094	-2447.504	321.4101	2.331702	0.4774085
366	-2117.062	-2438.534	321.4722	2.269621	0.4774085
372	-2127.311	-2448.68	321.369	2.362768	0.4289936
378	-2115.014	-2436.373	321.3592	2.377203	0.4452206
384	-2140.56	-2462.208	321.6479	1.830859	0.9562604
390	-2126.396	-2447.982	321.5865	2.021842	0.8060293
396	-2135.578	-2457.267	321.6885	1.916163	0.8108193
402	-2126.347	-2447.996	321.6496	1.777898	1.008488
408	-2123.376	-2445.029	321.6532	1.777898	1.004941
414	-2134.407	-2455.85	321.4432	1.838837	1.144437
420	-2127.048	-2448.573	321.5255	1.713513	1.182172
426	-2123.504	-2445.215	321.711	1.738441	0.9864866
432	-2130.412	-2452.02	321.6087	1.841094	0.9861231
438	-2139.848	-2461.563	321.7152	1.80352	0.9133578
444	-2130.322	-2451.967	321.6452	1.943781	0.8309467
450	-2145.696	-2467.111	321.415	1.70716	1.280583
456	-2124.056	-2445.749	321.693	1.818785	0.9209424
462	-2127.837	-2449.51	321.6723	1.998198	0.7150008
468	-2138.233	-2459.823	321.5907	2.041401	0.7735723
474	-2115.829	-2437.504	321.6754	1.863023	0.8912462
480	-2126.306	-2448.021	321.7148	1.800243	0.9173069
486	-2133.455	-2455.169	321.7145	1.915645	0.776376
492	-2138.238	-2459.811	321.5736	1.668558	1.179495
498	-2128.373	-2449.796	321.4232	1.616853	1.346894
504	-2130.331	-2452.035	321.7035	1.778994	0.9523608
510	-2119.842	-2441.516	321.6738	1.871798	0.8829681
516	-2135.353	-2457.128	321.7751	1.762137	0.8926038
522	-2120.235	-2441.854	321.619	1.816171	1.000889
528	-2133.002	-2454.605	321.6025	1.934753	0.8924937
534	-2129.019	-2450.667	321.6484	1.888882	0.8924937
540	-2122.15	-2443.788	321.6379	2.023473	0.729959
546	-2129.651	-2451.276	321.6247	2.058914	0.6924583
552	-2127.623	-2449.271	321.6487	2.058914	0.6448027
558	-2142.17	-2463.801	321.6313	2.090112	0.6107294
564	-2138.749	-2460.349	321.5999	2.130484	0.5833471
570	-2147.803	-2469.299	321.4962	2.212372	0.6425242
576	-2135.955	-2457.519	321.5639	2.163479	0.59322
582	-2132.096	-2453.746	321.6501	2.066616	0.6232653
588	-2135.675	-2457.286	321.6116	2.105136	0.6232653
594	-2126.316	-2448.012	321.6961	1.954196	0.7470137
600	-2140.988	-2462.505	321.5168	2.225953	0.5059617
606	-2133.729	-2455.255	321.5258	2.216617	0.5152475
612	-2122.424	-2443.939	321.5148	2.224182	0.5455263
618	-2135.879	-2457.433	321.5536	2.178235	0.5779505
624	-2121.098	-2442.655	321.5571	2.174796	0.5779505
630	-2122.651	-2444.237	321.5859	2.145263	0.580528
636	-2126.421	-2448.103	321.6823	2.02944	0.6354449
642	-2130.079	-2451.624	321.5446	2.195437	0.5384261
648	-2129.94	-2451.481	321.5409	2.195437	0.5591853
606	-2190.889	-2512.21	321.3211	1.747141	1.324315
612	-2137.431	-2458.986	321.5543	2.188154	0.5137144
618	-2114.017	-2435.567	321.5509	2.188154	0.545221
624	-2117.837	-2439.419	321.5815	2.148631	0.5840864
630	-2121.545	-2443.135	321.5906	2.130124	0.6127191
636	-2110.626	-2432.232	321.606	2.119201	0.5999055
642	-2117.165	-2438.77	321.6048	2.119439	0.602951
648	-2132.974	-2454.522	321.5478	2.167932	0.625776
654	-2126.225	-2447.756	321.5317	2.183994	0.625776
660	-2135.245	-2456.717	321.4718	2.270273	0.5198764
666	-2137.377	-2458.929	321.5528	2.189339	0.5198764
672	-2145.292	-2466.928	321.6365	2.083093	0.6156504
678	-2123.239	-2444.835	321.596	2.123637	0.6156504
684	-2126.406	-2447.971	321.5649	2.154744	0.6156504
690	-2129.209	-2450.757	321.5482	2.15595	0.6524024
696	-2114.335	-2436.004	321.669	2.030042	0.6629019
702	-2124.352	-2446.013	321.6609	2.007353	0.718774
708	-2114.917	-2436.532	321.6149	1.974017	0.8309543
714	-2107.534	-2429.204	321.6693	1.827502	0.9371399
720	-2102.69	-2424.349	321.6586	1.781478	0.9959687
726	-2120.521	-2442.135	321.6144	1.825659	0.9959687
732	-2129.096	-2450.681	321.5844	1.764826	1.083514
738	-2113.59	-2435.182	321.5919	1.75606	1.084649
744	-2127.342	-2448.915	321.5729	1.75606	1.102145
750	-2120.757	-2442.197	321.4403	1.727975	1.242379
756	-2119.164	-2440.582	321.4187	1.623386	1.34523
762	-2130.975	-2452.377	321.4023	1.641213	1.344148
768	-2131.895	-2453.147	321.2515	1.689203	1.424595
774	-2133.155	-2454.596	321.4418	1.546111	1.388003
780	-2127.993	-2448.981	320.9877	1.46718	1.778434
786	-2134.526	-2455.472	320.946	1.50891	1.778434
792	-2138.606	-2459.644	321.0378	1.52024	1.706105
798	-2124.739	-2445.787	321.0484	1.497923	1.714357
804	-2138.807	-2459.848	321.0411	1.613132	1.63748
810	-2134.024	-2455.493	321.4697	1.635184	1.294713
816	-2133.701	-2455.274	321.5735	1.680198	1.169399
822	-2133.464	-2454.812	321.3479	1.641761	1.386617
828	-2138.473	-2459.821	321.3479	1.641761	1.386617
834	-2139.739	-2461.293	321.5542	1.885005	0.9967609
840	-2125.529	-2447.2	321.6707	1.84663	0.9148015
846	-2123.338	-2445.005	321.6663	1.838508	0.9284895
852	-2123.592	-2445.306	321.7142	1.81083	0.9062688
858	-2123.317	-2444.985	321.6682	1.848059	0.9160163
864	-2117.143	-2438.675	321.5327	1.99065	0.9082208
870	-2125.926	-2447.334	321.4083	1.841886	1.172517
876	-2115.679	-2437.297	321.618	1.744155	1.071416
882	-2122.823	-2444.471	321.6481	1.724442	1.061638
888	-2124.452	-2446.007	321.5548	1.81772	1.061638
894	-2133.354	-2454.971	321.6173	1.705144	1.108077
900	-2140.334	-2461.935	321.6012	1.721292	1.108077
906	-2142.256	-2463.94	321.6839	1.721292	1.030371
912	-2125.386	-2446.988	321.6021	1.797985	1.03536
918	-2125.684	-2447.365	321.6814	1.796437	0.9572499
924	-2122.378	-2444.013	321.6359	1.861396	0.9366357
930	-2114.756	-2436.334	321.5781	1.911907	0.9444187
936	-2117.056	-2438.584	321.5279	1.962119	0.9444187
942	-2130.291	-2451.922	321.6314	2.011992	0.7573479
948	-2136.342	-2457.992	321.6497	1.992517	0.7590893
954	-2109.671	-2431.327	321.6557	1.915174	0.8532269
